===============================================================
Gobuster v3.8
by OJ Reeves (@TheColonial) & Christian Mehlmauer (@firefart)
===============================================================
[+] Url:                     http://192.168.56.101
[+] Method:                  GET
[+] Threads:                 10
[+] Wordlist:                /usr/share/wordlists/dirb/common.txt
[+] Negative Status codes:   404
[+] User Agent:              gobuster/3.8
[+] Timeout:                 10s
===============================================================
Starting gobuster in directory enumeration mode
===============================================================
/.hta                 (Status: 403) [Size: 291]
/.htpasswd            (Status: 403) [Size: 296]
/.htaccess            (Status: 403) [Size: 296]
/cgi-bin/             (Status: 403) [Size: 295]
/dav                  (Status: 301) [Size: 319] [--> http://192.168.56.101/dav/]
/html                 (Status: 301) [Size: 320] [--> http://192.168.56.101/html/]
/index                (Status: 200) [Size: 891]
/index.php            (Status: 200) [Size: 891]
/phpMyAdmin           (Status: 301) [Size: 326] [--> http://192.168.56.101/phpMyAdmin/]
/phpinfo              (Status: 200) [Size: 48008]
/phpinfo.php          (Status: 200) [Size: 48020]
/test                 (Status: 301) [Size: 320] [--> http://192.168.56.101/test/]
/twiki                (Status: 301) [Size: 321] [--> http://192.168.56.101/twiki/]
[ERROR] error on word server-status: timeout occurred during the request
===============================================================
Finished
===============================================================
