Starting Nmap 7.95 ( https://nmap.org ) at 2025-11-11 19:50 IST
Stats: 0:03:43 elapsed; 0 hosts completed (1 up), 1 undergoing Script Scan
NSE Timing: About 99.97% done; ETC: 19:54 (0:00:00 remaining)
Stats: 0:04:23 elapsed; 0 hosts completed (1 up), 1 undergoing Script Scan
NSE Timing: About 96.81% done; ETC: 19:54 (0:00:01 remaining)
Stats: 0:04:24 elapsed; 0 hosts completed (1 up), 1 undergoing Script Scan
NSE Timing: About 96.81% done; ETC: 19:55 (0:00:01 remaining)
Stats: 0:04:25 elapsed; 0 hosts completed (1 up), 1 undergoing Script Scan
NSE Timing: About 96.81% done; ETC: 19:55 (0:00:01 remaining)
Nmap scan report for 192.168.56.101
Host is up (0.00047s latency).
Not shown: 977 closed tcp ports (reset)
PORT     STATE SERVICE      VERSION
21/tcp   open  ftp          vsftpd 2.3.4
|_ftp-anon: Anonymous FTP login allowed (FTP code 230)
| ftp-syst: 
|   STAT: 
| FTP server status:
|      Connected to 192.168.56.102
|      Logged in as ftp
|      TYPE: ASCII
|      No session bandwidth limit
|      Session timeout in seconds is 300
|      Control connection is plain text
|      Data connections will be plain text
|      vsFTPd 2.3.4 - secure, fast, stable
|_End of status
22/tcp   open  ssh          OpenSSH 4.7p1 Debian 8ubuntu1 (protocol 2.0)
| ssh-hostkey: 
|   1024 60:0f:cf:e1:c0:5f:6a:74:d6:90:24:fa:c4:d5:6c:cd (DSA)
|_  2048 56:56:24:0f:21:1d:de:a7:2b:ae:61:b1:24:3d:e8:f3 (RSA)
23/tcp   open  telnet       Linux telnetd
25/tcp   open  smtp         Postfix smtpd
|_smtp-commands: metasploitable.localdomain, PIPELINING, SIZE 10240000, VRFY, ETRN, STARTTLS, ENHANCEDSTATUSCODES, 8BITMIME, DSN
53/tcp   open  domain       ISC BIND 9.4.2
| dns-nsid: 
|_  bind.version: 9.4.2
80/tcp   open  http         Apache httpd 2.2.8 ((Ubuntu) DAV/2)
|_http-title: Metasploitable2 - Linux
|_http-server-header: Apache/2.2.8 (Ubuntu) DAV/2
111/tcp  open  rpcbind      2 (RPC #100000)
| rpcinfo: 
|   program version    port/proto  service
|   100000  2            111/tcp   rpcbind
|   100000  2            111/udp   rpcbind
|   100003  2,3,4       2049/tcp   nfs
|   100003  2,3,4       2049/udp   nfs
|   100005  1,2,3      42823/tcp   mountd
|   100005  1,2,3      50934/udp   mountd
|   100021  1,3,4      40690/tcp   nlockmgr
|   100021  1,3,4      51987/udp   nlockmgr
|   100024  1          50331/tcp   status
|_  100024  1          58875/udp   status
139/tcp  open  netbios-ssn  Samba smbd 3.X - 4.X (workgroup: WORKGROUP)
445/tcp  open  netbios-ssn  Samba smbd 3.0.20-Debian (workgroup: WORKGROUP)
512/tcp  open  exec         netkit-rsh rexecd
513/tcp  open  login?
514/tcp  open  shell        Netkit rshd
1099/tcp open  java-rmi     GNU Classpath grmiregistry
1524/tcp open  bindshell    Metasploitable root shell
2049/tcp open  nfs          2-4 (RPC #100003)
2121/tcp open  ccproxy-ftp?
3306/tcp open  mysql        MySQL 5.0.51a-3ubuntu5
| mysql-info: 
|   Protocol: 10
|   Version: 5.0.51a-3ubuntu5
|   Thread ID: 16
|   Capabilities flags: 43564
|   Some Capabilities: ConnectWithDatabase, SwitchToSSLAfterHandshake, Speaks41ProtocolNew, Support41Auth, SupportsCompression, SupportsTransactions, LongColumnFlag
|   Status: Autocommit
|_  Salt: y^K<)Xa`=NQ-+/I`+P4Q
5432/tcp open  postgresql   PostgreSQL DB 8.3.0 - 8.3.7
|_ssl-date: 2025-11-11T14:24:49+00:00; -1s from scanner time.
| ssl-cert: Subject: commonName=ubuntu804-base.localdomain/organizationName=OCOSA/stateOrProvinceName=There is no such thing outside US/countryName=XX
| Not valid before: 2010-03-17T14:07:45
|_Not valid after:  2010-04-16T14:07:45
5900/tcp open  vnc          VNC (protocol 3.3)
| vnc-info: 
|   Protocol version: 3.3
|   Security types: 
|_    VNC Authentication (2)
6000/tcp open  X11          (access denied)
6667/tcp open  irc          UnrealIRCd
8009/tcp open  ajp13?
8180/tcp open  http         Apache Tomcat/Coyote JSP engine 1.1
MAC Address: 08:00:27:6A:CC:1A (PCS Systemtechnik/Oracle VirtualBox virtual NIC)
Service Info: Hosts:  metasploitable.localdomain, irc.Metasploitable.LAN; OSs: Unix, Linux; CPE: cpe:/o:linux:linux_kernel

Host script results:
|_smb2-time: Protocol negotiation failed (SMB2)
| smb-os-discovery: 
|   OS: Unix (Samba 3.0.20-Debian)
|   Computer name: metasploitable
|   NetBIOS computer name: 
|   Domain name: localdomain
|   FQDN: metasploitable.localdomain
|_  System time: 2025-11-11T09:23:12-05:00
|_clock-skew: mean: 1h39m59s, deviation: 2h53m12s, median: -1s
| smb-security-mode: 
|   account_used: <blank>
|   authentication_level: user
|   challenge_response: supported
|_  message_signing: disabled (dangerous, but default)
|_nbstat: NetBIOS name: METASPLOITABLE, NetBIOS user: <unknown>, NetBIOS MAC: <unknown> (unknown)

Service detection performed. Please report any incorrect results at https://nmap.org/submit/ .
Nmap done: 1 IP address (1 host up) scanned in 277.11 seconds
